<?xml version="1.0" encoding="UTF-8"?>
<!-- Generated by org.testng.reporters.JUnitReportReporter -->
<testsuite skipped="0" hostname="DESKTOP-MCHAE09" name="co.famepilot.selenium.webdriver.basic.Calender" tests="1" failures="0" timestamp="2022-08-07T14:55:03 IST" time="44.496" errors="0">
  <testcase name="date" time="44.496" classname="co.famepilot.selenium.webdriver.basic.Calender"/>
  <system-out/>
</testsuite> <!-- co.famepilot.selenium.webdriver.basic.Calender -->
