<?xml version="1.0" encoding="UTF-8"?>
<!-- Generated by org.testng.reporters.JUnitReportReporter -->
<testsuite skipped="0" hostname="DESKTOP-MCHAE09" name="co.famepilot.selenium.webdriver.basic.Famepilot_Login" tests="12" failures="0" timestamp="2022-08-06T18:41:26 IST" time="346.589" errors="1">
  <testcase name="verifyPageTitleTest" time="16.428" classname="co.famepilot.selenium.webdriver.basic.Famepilot_Login"/>
  <system-out/>
  <testcase name="verifyFamepilotLogoTest" time="35.642" classname="co.famepilot.selenium.webdriver.basic.Famepilot_Login"/>
  <system-out/>
  <testcase name="verifyValidlogindetailsTest" time="16.319" classname="co.famepilot.selenium.webdriver.basic.Famepilot_Login">
    <error type="org.testng.TestNGException" message="
Parameter &#039;loginbutton&#039; is required by @Test on method verifyValidlogindetailsTest but has not been marked @Optional or defined
in C:\Users\Trapti\AppData\Local\Temp\testng-eclipse--1988871306\testng-customsuite.xml">
      <![CDATA[org.testng.TestNGException: 
Parameter 'loginbutton' is required by @Test on method verifyValidlogindetailsTest but has not been marked @Optional or defined
in C:\Users\Trapti\AppData\Local\Temp\testng-eclipse--1988871306\testng-customsuite.xml
at org.testng.internal.Parameters.createParams(Parameters.java:270)
at org.testng.internal.Parameters.createParametersForMethod(Parameters.java:358)
at org.testng.internal.Parameters.createParameters(Parameters.java:700)
at org.testng.internal.Parameters.handleParameters(Parameters.java:884)
at org.testng.internal.Parameters.handleParameters(Parameters.java:740)
at org.testng.internal.ParameterHandler.handleParameters(ParameterHandler.java:59)
at org.testng.internal.ParameterHandler.createParameters(ParameterHandler.java:38)
at org.testng.internal.TestInvoker$MethodInvocationAgent.invoke(TestInvoker.java:791)
at org.testng.internal.TestInvoker.invokeTestMethods(TestInvoker.java:146)
at org.testng.internal.TestMethodWorker.invokeTestMethods(TestMethodWorker.java:146)
at org.testng.internal.TestMethodWorker.run(TestMethodWorker.java:128)
at java.util.ArrayList.forEach(Unknown Source)
at org.testng.TestRunner.privateRun(TestRunner.java:794)
at org.testng.TestRunner.run(TestRunner.java:596)
at org.testng.SuiteRunner.runTest(SuiteRunner.java:377)
at org.testng.SuiteRunner.runSequentially(SuiteRunner.java:371)
at org.testng.SuiteRunner.privateRun(SuiteRunner.java:332)
at org.testng.SuiteRunner.run(SuiteRunner.java:276)
at org.testng.SuiteRunnerWorker.runSuite(SuiteRunnerWorker.java:53)
at org.testng.SuiteRunnerWorker.run(SuiteRunnerWorker.java:96)
at org.testng.TestNG.runSuitesSequentially(TestNG.java:1212)
at org.testng.TestNG.runSuitesLocally(TestNG.java:1134)
at org.testng.TestNG.runSuites(TestNG.java:1063)
at org.testng.TestNG.run(TestNG.java:1031)
at org.testng.remote.AbstractRemoteTestNG.run(AbstractRemoteTestNG.java:115)
at org.testng.remote.RemoteTestNG.initAndRun(RemoteTestNG.java:251)
at org.testng.remote.RemoteTestNG.main(RemoteTestNG.java:77)
]]>
    </error>
  </testcase> <!-- verifyValidlogindetailsTest -->
  <system-out/>
  <testcase name="verifyInvalidEmailTest" time="28.477" classname="co.famepilot.selenium.webdriver.basic.Famepilot_Login"/>
  <system-out/>
  <testcase name="verifyInvalidPasswordTest" time="38.337" classname="co.famepilot.selenium.webdriver.basic.Famepilot_Login"/>
  <system-out/>
  <testcase name="verifyInvalidCredentialsTest" time="33.948" classname="co.famepilot.selenium.webdriver.basic.Famepilot_Login"/>
  <system-out/>
  <testcase name="verifyEmplyfieldsTest" time="28.729" classname="co.famepilot.selenium.webdriver.basic.Famepilot_Login"/>
  <system-out/>
  <testcase name="verifyEmptyUsernameFieldTest" time="29.777" classname="co.famepilot.selenium.webdriver.basic.Famepilot_Login"/>
  <system-out/>
  <testcase name="verifyEmptyPasswordFieldTest" time="38.341" classname="co.famepilot.selenium.webdriver.basic.Famepilot_Login"/>
  <system-out/>
  <testcase name="verifyTermsconditionsTest" time="29.623" classname="co.famepilot.selenium.webdriver.basic.Famepilot_Login"/>
  <system-out/>
  <testcase name="verifycrossbuttonTest" time="34.847" classname="co.famepilot.selenium.webdriver.basic.Famepilot_Login"/>
  <system-out/>
  <testcase name="verifytermsconditionlinkTest" time="16.121" classname="co.famepilot.selenium.webdriver.basic.Famepilot_Login"/>
  <system-out/>
</testsuite> <!-- co.famepilot.selenium.webdriver.basic.Famepilot_Login -->
