<?xml version="1.0" encoding="UTF-8"?>
<!-- Generated by org.testng.reporters.JUnitReportReporter -->
<testsuite skipped="0" hostname="DESKTOP-MCHAE09" name="Test_Post" tests="4" failures="0" timestamp="2022-05-29T20:15:30 IST" time="16.581" errors="0">
  <testcase name="test01" time="8.917" classname="Test_Post"/>
  <system-out/>
  <testcase name="test01" time="2.749" classname="Test_Post"/>
  <system-out/>
  <testcase name="test01" time="2.383" classname="Test_Post"/>
  <system-out/>
  <testcase name="test01" time="2.532" classname="Test_Post"/>
  <system-out/>
</testsuite> <!-- Test_Post -->
