<?xml version="1.0" encoding="UTF-8"?>
<!-- Generated by org.testng.reporters.JUnitReportReporter -->
<testsuite skipped="0" hostname="DESKTOP-MCHAE09" name="Test_GET" tests="1" failures="0" timestamp="2022-08-06T18:33:05 IST" time="10.651" errors="0">
  <testcase name="Test" time="10.651" classname="Test_GET"/>
  <system-out/>
</testsuite> <!-- Test_GET -->
