<?xml version="1.0" encoding="UTF-8"?>
<!-- Generated by org.testng.reporters.JUnitReportReporter -->
<testsuite skipped="0" hostname="DESKTOP-MCHAE09" name="Review_Tag_Delete" tests="7" failures="0" timestamp="2022-06-01T15:10:39 IST" time="24.010" errors="0">
  <testcase name="delete" time="1.497" classname="Review_Tag_Delete"/>
  <system-out/>
  <testcase name="delete" time="1.670" classname="Review_Tag_Delete"/>
  <system-out/>
  <testcase name="delete" time="2.625" classname="Review_Tag_Delete"/>
  <system-out/>
  <testcase name="delete" time="1.362" classname="Review_Tag_Delete"/>
  <system-out/>
  <testcase name="delete" time="2.789" classname="Review_Tag_Delete"/>
  <system-out/>
  <testcase name="delete" time="1.104" classname="Review_Tag_Delete"/>
  <system-out/>
  <testcase name="delete" time="12.963" classname="Review_Tag_Delete"/>
  <system-out/>
</testsuite> <!-- Review_Tag_Delete -->
